Drill Listing
=============
Drill: 0.6  Tool: 1  Feed: 197  Speed: 550
X -180000  Y -170000
X -180000  Y -150000
X -180000  Y -160000
X -180000  Y -140000
X -75000  Y -175000
X 5000  Y -175000
X 10000  Y -155000
X 47500  Y -202500
X 97500  Y -150000
X 122500  Y -165000
X 137500  Y -182500
X 151250  Y -192500
X 97500  Y -110000
X -86250  Y -115000
X -100000  Y -130000
X -151250  Y -95000
X -180000  Y -130000
X -180000  Y -100000
X -180000  Y -90000
X -180000  Y -110000
X -180000  Y -120000
X -210000  Y -90000
X -218750  Y -105000
X -218750  Y -116250
X -208750  Y -65000
X -180000  Y -80000
X -180000  Y -70000
X -180000  Y -60000
X -180000  Y -50000
X -180000  Y -40000
X -150000  Y -70000
X 97500  Y -70000
X 97500  Y -30000
X 221250  Y 107500
X 221250  Y 132500
X 197500  Y 113750
X 197500  Y 126250
X 133750  Y 128750
X 36250  Y 135000
X -90000  Y 88750
X -97500  Y 150000
X -76250  Y 177500
X -30000  Y 187500
X -30000  Y 177500
X -23750  Y 205000
X -1250  Y 171250
X 1250  Y 210000
X 13750  Y 180000
X 21250  Y 180000
X 1250  Y 220000
X -36250  Y 230000
X -62500  Y 235000
X -81250  Y 222500
X -95000  Y 218750

Drill: 0.8  Tool: 2  Feed: 197  Speed: 550
X 97500  Y -150000
X 122500  Y -165000
X 165000  Y -165000
X 207500  Y -165000
X 232500  Y -150000
X 232500  Y -110000
X 232500  Y -70000
X 97500  Y -110000
X 97500  Y -70000
X 25742  Y -79225
X -25742  Y -79225
X -48964  Y -67393
X -67393  Y -48964
X -110000  Y -50000
X -185000  Y 25000
X -180000  Y 20000
X -175000  Y 25000
X -79225  Y 25742
X 97500  Y 10000
X 97500  Y -30000
X 232500  Y 10000
X 232500  Y -30000
X 232500  Y 60000
X 232500  Y 95000
X 178750  Y 95000
X 97500  Y 50000
X 97500  Y 95000
X 67500  Y 47500
X 48964  Y 67393
X 25742  Y 79225
X 0  Y 83303
X -25742  Y 79225
X -48964  Y 67393
X -67393  Y 48964
X -142500  Y 135000
X -142500  Y 150000
X -142500  Y 162500

Drill: 1  Tool: 3  Feed: 197  Speed: 550
X -140000  Y -130000
X -140000  Y -80000
X -110000  Y -80000
X -110000  Y -130000
X -100000  Y 1250
X -130000  Y 1250
X -150000  Y 95000
X -180000  Y 95000

Drill: 1.1  Tool: 4  Feed: 139  Speed: 550
X 123750  Y -143750
X 211250  Y -143750
X 213750  Y 51250
X 208750  Y 76250
X 193750  Y 76250
X 178750  Y 76250
X 133750  Y 68750

Drill: 1.3  Tool: 5  Feed: 107  Speed: 550
X -165000  Y 200000

Drill: 1.4  Tool: 6  Feed: 107  Speed: 550
X -125000  Y 71250
X -105000  Y 71250
X -105000  Y 91250
X -115000  Y 106250
X -125000  Y 91250
X -155000  Y 165000
X -155000  Y 185000
X -175000  Y 165000
X -175000  Y 185000

Drill: 4  Tool: 7  Feed: 35  Speed: 900
X -240000  Y -150000
X -180000  Y -210000
X 1250  Y -100000
X 180000  Y -210000
X 240000  Y 150000
X -79225  Y -25742
X -240000  Y 150000
X -150000  Y 240000
X 150000  Y 240000

Drill: 6.2  Tool: 8  Feed: 0  Speed: 0
X 0  Y 0

End of Listing
